<?xml version="1.0" encoding="UTF-8"?>
<!-- Generated by org.testng.reporters.JUnitReportReporter -->
<testsuite hostname="shruthi-Boraiah" failures="0" tests="4" name="com.qa.opencart.tests.LoginPageTest" time="1.254" errors="0" timestamp="17 Feb 2025 13:35:15 GMT" skipped="0">
  <testcase classname="com.qa.opencart.tests.LoginPageTest" name="loginPageTitleTest" time="0.026"/>
  <testcase classname="com.qa.opencart.tests.LoginPageTest" name="forgotPwdLinkExistTest" time="0.100"/>
  <testcase classname="com.qa.opencart.tests.LoginPageTest" name="loginPageURLTest" time="0.029"/>
  <testcase classname="com.qa.opencart.tests.LoginPageTest" name="loginTest" time="1.099"/>
</testsuite> <!-- com.qa.opencart.tests.LoginPageTest -->
