<?xml version="1.0" encoding="UTF-8"?>
<!-- Generated by org.testng.reporters.JUnitReportReporter -->
<testsuite hostname="shruthi-Boraiah" failures="0" tests="2" name="mytests.GoogleTest" time="0.126" errors="0" timestamp="03 Feb 2025 12:39:35 GMT" skipped="0">
  <testcase classname="mytests.GoogleTest" name="titleTest" time="0.034"/>
  <testcase classname="mytests.GoogleTest" name="searchExistTest" time="0.092"/>
</testsuite> <!-- mytests.GoogleTest -->
